# JRE version: Java(TM) SE Runtime Environment (8.0_101-b13) (build 1.8.0_101-b13)
# Java VM: Java HotSpot(TM) 64-Bit Server VM (25.101-b13 mixed mode windows-amd64 compressed oops)
Heap:
 PSYoungGen      total 131072K, used 24576K [0x00000000eab00000, 0x00000000fbb00000, 0x0000000100000000)
  eden space 117248K, 14% used [0x00000000eab00000,0x00000000ebc12ec8,0x00000000f1d80000)
  from space 13824K, 51% used [0x00000000f1d80000,0x00000000f246d280,0x00000000f2b00000)
  to   space 22016K, 0% used [0x00000000fa580000,0x00000000fa580000,0x00000000fbb00000)
 ParOldGen       total 72192K, used 38090K [0x00000000c0000000, 0x00000000c4680000, 0x00000000eab00000)
  object space 72192K, 52% used [0x00000000c0000000,0x00000000c2532968,0x00000000c4680000)
 Metaspace       used 7065K, capacity 7640K, committed 7936K, reserved 1056768K
  class space    used 661K, capacity 720K, committed 768K, reserved 1048576K
GC Heap History (10 events):
Event: 24.933 GC heap before
{Heap before GC invocations=4 (full 0):
 PSYoungGen      total 31744K, used 31741K [0x00000000eab00000, 0x00000000ee900000, 0x0000000100000000)
  eden space 29696K, 100% used [0x00000000eab00000,0x00000000ec800000,0x00000000ec800000)
  from space 2048K, 99% used [0x00000000ec800000,0x00000000ec9ff538,0x00000000eca00000)
  to   space 2048K, 0% used [0x00000000ee700000,0x00000000ee700000,0x00000000ee900000)
 ParOldGen       total 38400K, used 8582K [0x00000000c0000000, 0x00000000c2580000, 0x00000000eab00000)
  object space 38400K, 22% used [0x00000000c0000000,0x00000000c08618f8,0x00000000c2580000)
 Metaspace       used 6220K, capacity 7090K, committed 7296K, reserved 1056768K
  class space    used 605K, capacity 618K, committed 640K, reserved 1048576K
Event: 24.994 GC heap after
Heap after GC invocations=4 (full 0):
 PSYoungGen      total 61440K, used 2022K [0x00000000eab00000, 0x00000000ee900000, 0x0000000100000000)
  eden space 59392K, 0% used [0x00000000eab00000,0x00000000eab00000,0x00000000ee500000)
  from space 2048K, 98% used [0x00000000ee700000,0x00000000ee8f9b88,0x00000000ee900000)
  to   space 2048K, 0% used [0x00000000ee500000,0x00000000ee500000,0x00000000ee700000)
 ParOldGen       total 38400K, used 13164K [0x00000000c0000000, 0x00000000c2580000, 0x00000000eab00000)
  object space 38400K, 34% used [0x00000000c0000000,0x00000000c0cdb258,0x00000000c2580000)
 Metaspace       used 6220K, capacity 7090K, committed 7296K, reserved 1056768K
  class space    used 605K, capacity 618K, committed 640K, reserved 1048576K
}
Event: 29.064 GC heap before
{Heap before GC invocations=5 (full 0):
 PSYoungGen      total 61440K, used 61414K [0x00000000eab00000, 0x00000000ee900000, 0x0000000100000000)
  eden space 59392K, 100% used [0x00000000eab00000,0x00000000ee500000,0x00000000ee500000)
  from space 2048K, 98% used [0x00000000ee700000,0x00000000ee8f9b88,0x00000000ee900000)
  to   space 2048K, 0% used [0x00000000ee500000,0x00000000ee500000,0x00000000ee700000)
 ParOldGen       total 38400K, used 13164K [0x00000000c0000000, 0x00000000c2580000, 0x00000000eab00000)
  object space 38400K, 34% used [0x00000000c0000000,0x00000000c0cdb258,0x00000000c2580000)
 Metaspace       used 6387K, capacity 7192K, committed 7424K, reserved 1056768K
  class space    used 626K, capacity 656K, committed 768K, reserved 1048576K
Event: 29.123 GC heap after
Heap after GC invocations=5 (full 0):
 PSYoungGen      total 61440K, used 2026K [0x00000000eab00000, 0x00000000f3700000, 0x0000000100000000)
  eden space 59392K, 0% used [0x00000000eab00000,0x00000000eab00000,0x00000000ee500000)
  from space 2048K, 98% used [0x00000000ee500000,0x00000000ee6fa858,0x00000000ee700000)
  to   space 12288K, 0% used [0x00000000f2b00000,0x00000000f2b00000,0x00000000f3700000)
 ParOldGen       total 38400K, used 22600K [0x00000000c0000000, 0x00000000c2580000, 0x00000000eab00000)
  object space 38400K, 58% used [0x00000000c0000000,0x00000000c16123c0,0x00000000c2580000)
 Metaspace       used 6387K, capacity 7192K, committed 7424K, reserved 1056768K
  class space    used 626K, capacity 656K, committed 768K, reserved 1048576K
}
Event: 29.368 GC heap before
{Heap before GC invocations=6 (full 0):
 PSYoungGen      total 61440K, used 61418K [0x00000000eab00000, 0x00000000f3700000, 0x0000000100000000)
  eden space 59392K, 100% used [0x00000000eab00000,0x00000000ee500000,0x00000000ee500000)
  from space 2048K, 98% used [0x00000000ee500000,0x00000000ee6fa858,0x00000000ee700000)
  to   space 12288K, 0% used [0x00000000f2b00000,0x00000000f2b00000,0x00000000f3700000)
 ParOldGen       total 38400K, used 22600K [0x00000000c0000000, 0x00000000c2580000, 0x00000000eab00000)
  object space 38400K, 58% used [0x00000000c0000000,0x00000000c16123c0,0x00000000c2580000)
 Metaspace       used 6404K, capacity 7192K, committed 7424K, reserved 1056768K
  class space    used 626K, capacity 656K, committed 768K, reserved 1048576K
Event: 29.422 GC heap after
Heap after GC invocations=6 (full 0):
 PSYoungGen      total 129536K, used 10830K [0x00000000eab00000, 0x00000000f3a00000, 0x0000000100000000)
  eden space 117248K, 0% used [0x00000000eab00000,0x00000000eab00000,0x00000000f1d80000)
  from space 12288K, 88% used [0x00000000f2b00000,0x00000000f3593818,0x00000000f3700000)
  to   space 13824K, 0% used [0x00000000f1d80000,0x00000000f1d80000,0x00000000f2b00000)
 ParOldGen       total 38400K, used 22600K [0x00000000c0000000, 0x00000000c2580000, 0x00000000eab00000)
  object space 38400K, 58% used [0x00000000c0000000,0x00000000c16123c0,0x00000000c2580000)
 Metaspace       used 6404K, capacity 7192K, committed 7424K, reserved 1056768K
  class space    used 626K, capacity 656K, committed 768K, reserved 1048576K
}
Event: 30.820 GC heap before
{Heap before GC invocations=7 (full 0):
 PSYoungGen      total 129536K, used 128078K [0x00000000eab00000, 0x00000000f3a00000, 0x0000000100000000)
  eden space 117248K, 100% used [0x00000000eab00000,0x00000000f1d80000,0x00000000f1d80000)
  from space 12288K, 88% used [0x00000000f2b00000,0x00000000f3593818,0x00000000f3700000)
  to   space 13824K, 0% used [0x00000000f1d80000,0x00000000f1d80000,0x00000000f2b00000)
 ParOldGen       total 38400K, used 22600K [0x00000000c0000000, 0x00000000c2580000, 0x00000000eab00000)
  object space 38400K, 58% used [0x00000000c0000000,0x00000000c16123c0,0x00000000c2580000)
 Metaspace       used 6597K, capacity 7256K, committed 7424K, reserved 1056768K
  class space    used 632K, capacity 656K, committed 768K, reserved 1048576K
Event: 31.497 GC heap after
Heap after GC invocations=7 (full 0):
 PSYoungGen      total 131072K, used 13796K [0x00000000eab00000, 0x00000000fbb00000, 0x0000000100000000)
  eden space 117248K, 0% used [0x00000000eab00000,0x00000000eab00000,0x00000000f1d80000)
  from space 13824K, 99% used [0x00000000f1d80000,0x00000000f2af92f0,0x00000000f2b00000)
  to   space 22016K, 0% used [0x00000000fa580000,0x00000000fa580000,0x00000000fbb00000)
 ParOldGen       total 38400K, used 34747K [0x00000000c0000000, 0x00000000c2580000, 0x00000000eab00000)
  object space 38400K, 90% used [0x00000000c0000000,0x00000000c21eefc8,0x00000000c2580000)
 Metaspace       used 6597K, capacity 7256K, committed 7424K, reserved 1056768K
  class space    used 632K, capacity 656K, committed 768K, reserved 1048576K
}
Event: 31.497 GC heap before
{Heap before GC invocations=8 (full 1):
 PSYoungGen      total 131072K, used 13796K [0x00000000eab00000, 0x00000000fbb00000, 0x0000000100000000)
  eden space 117248K, 0% used [0x00000000eab00000,0x00000000eab00000,0x00000000f1d80000)
  from space 13824K, 99% used [0x00000000f1d80000,0x00000000f2af92f0,0x00000000f2b00000)
  to   space 22016K, 0% used [0x00000000fa580000,0x00000000fa580000,0x00000000fbb00000)
 ParOldGen       total 38400K, used 34747K [0x00000000c0000000, 0x00000000c2580000, 0x00000000eab00000)
  object space 38400K, 90% used [0x00000000c0000000,0x00000000c21eefc8,0x00000000c2580000)
 Metaspace       used 6597K, capacity 7256K, committed 7424K, reserved 1056768K
  class space    used 632K, capacity 656K, committed 768K, reserved 1048576K
Event: 33.563 GC heap after
Heap after GC invocations=8 (full 1):
 PSYoungGen      total 131072K, used 7092K [0x00000000eab00000, 0x00000000fbb00000, 0x0000000100000000)
  eden space 117248K, 0% used [0x00000000eab00000,0x00000000eab00000,0x00000000f1d80000)
  from space 13824K, 51% used [0x00000000f1d80000,0x00000000f246d280,0x00000000f2b00000)
  to   space 22016K, 0% used [0x00000000fa580000,0x00000000fa580000,0x00000000fbb00000)
 ParOldGen       total 72192K, used 38090K [0x00000000c0000000, 0x00000000c4680000, 0x00000000eab00000)
  object space 72192K, 52% used [0x00000000c0000000,0x00000000c2532968,0x00000000c4680000)
 Metaspace       used 6597K, capacity 7256K, committed 7424K, reserved 1056768K
  class space    used 632K, capacity 656K, committed 768K, reserved 1048576K
}

